-------------------------------------------------------------------------------
Test set: com.sgg.covid19.dao.ProvinceWorkDaoTest
-------------------------------------------------------------------------------
Tests run: 1, Failures: 0, Errors: 1, Skipped: 0, Time elapsed: 0.083 s <<< FAILURE! - in com.sgg.covid19.dao.ProvinceWorkDaoTest
testQueryProvinceWorkList(com.sgg.covid19.dao.ProvinceWorkDaoTest)  Time elapsed: 0.057 s  <<< ERROR!
org.springframework.jdbc.BadSqlGrammarException: 

### Error querying database.  Cause: java.sql.SQLSyntaxErrorException: Table 'covid19.tb_province_work' doesn't exist
### The error may exist in file [D:\covid19\target\classes\mapper\ProvinceWorkDao.xml]
### The error may involve com.sgg.covid19.dao.ProvinceWorkDao.queryProvinceWork-Inline
### The error occurred while setting parameters
### SQL: SELECT date,province,rate         FROM tb_province_work         WHERE         date = ?
### Cause: java.sql.SQLSyntaxErrorException: Table 'covid19.tb_province_work' doesn't exist
; bad SQL grammar []; nested exception is java.sql.SQLSyntaxErrorException: Table 'covid19.tb_province_work' doesn't exist
	at com.sgg.covid19.dao.ProvinceWorkDaoTest.testQueryProvinceWorkList(ProvinceWorkDaoTest.java:19)
Caused by: java.sql.SQLSyntaxErrorException: Table 'covid19.tb_province_work' doesn't exist
	at com.sgg.covid19.dao.ProvinceWorkDaoTest.testQueryProvinceWorkList(ProvinceWorkDaoTest.java:19)

