-------------------------------------------------------------------------------
Test set: com.sgg.covid19.dao.HubeiTotalDaoTest
-------------------------------------------------------------------------------
Tests run: 1, Failures: 0, Errors: 1, Skipped: 0, Time elapsed: 0.349 s <<< FAILURE! - in com.sgg.covid19.dao.HubeiTotalDaoTest
testQueryProvince(com.sgg.covid19.dao.HubeiTotalDaoTest)  Time elapsed: 0.322 s  <<< ERROR!
org.springframework.jdbc.BadSqlGrammarException: 

### Error querying database.  Cause: java.sql.SQLSyntaxErrorException: Table 'covid19.tb_hubei_total' doesn't exist
### The error may exist in file [D:\covid19\target\classes\mapper\HubeiTotalDao.xml]
### The error may involve defaultParameterMap
### The error occurred while setting parameters
### SQL: SELECT date,city,case_total         FROM tb_hubei_total
### Cause: java.sql.SQLSyntaxErrorException: Table 'covid19.tb_hubei_total' doesn't exist
; bad SQL grammar []; nested exception is java.sql.SQLSyntaxErrorException: Table 'covid19.tb_hubei_total' doesn't exist
	at com.sgg.covid19.dao.HubeiTotalDaoTest.testQueryProvince(HubeiTotalDaoTest.java:19)
Caused by: java.sql.SQLSyntaxErrorException: Table 'covid19.tb_hubei_total' doesn't exist
	at com.sgg.covid19.dao.HubeiTotalDaoTest.testQueryProvince(HubeiTotalDaoTest.java:19)

