-------------------------------------------------------------------------------
Test set: com.sgg.covid19.dao.CityWorkDapTest
-------------------------------------------------------------------------------
Tests run: 1, Failures: 0, Errors: 1, Skipped: 0, Time elapsed: 0.107 s <<< FAILURE! - in com.sgg.covid19.dao.CityWorkDapTest
testQueryCityWorkList(com.sgg.covid19.dao.CityWorkDapTest)  Time elapsed: 0.084 s  <<< ERROR!
org.springframework.jdbc.BadSqlGrammarException: 

### Error querying database.  Cause: java.sql.SQLSyntaxErrorException: Table 'covid19.tb_city_work' doesn't exist
### The error may exist in file [D:\covid19\target\classes\mapper\CityWorkDao.xml]
### The error may involve com.sgg.covid19.dao.CityWorkDao.queryCityWork-Inline
### The error occurred while setting parameters
### SQL: SELECT date, city, rate         FROM tb_city_work
### Cause: java.sql.SQLSyntaxErrorException: Table 'covid19.tb_city_work' doesn't exist
; bad SQL grammar []; nested exception is java.sql.SQLSyntaxErrorException: Table 'covid19.tb_city_work' doesn't exist
	at com.sgg.covid19.dao.CityWorkDapTest.testQueryCityWorkList(CityWorkDapTest.java:18)
Caused by: java.sql.SQLSyntaxErrorException: Table 'covid19.tb_city_work' doesn't exist
	at com.sgg.covid19.dao.CityWorkDapTest.testQueryCityWorkList(CityWorkDapTest.java:18)

