-------------------------------------------------------------------------------
Test set: com.sgg.covid19.dao.ProvinceTotalDaoTest
-------------------------------------------------------------------------------
Tests run: 1, Failures: 0, Errors: 1, Skipped: 0, Time elapsed: 0.082 s <<< FAILURE! - in com.sgg.covid19.dao.ProvinceTotalDaoTest
testQueryProvince(com.sgg.covid19.dao.ProvinceTotalDaoTest)  Time elapsed: 0.061 s  <<< ERROR!
org.springframework.jdbc.BadSqlGrammarException: 

### Error querying database.  Cause: java.sql.SQLSyntaxErrorException: Table 'covid19.tb_province_total' doesn't exist
### The error may exist in file [D:\covid19\target\classes\mapper\ProvinceTotalDao.xml]
### The error may involve defaultParameterMap
### The error occurred while setting parameters
### SQL: SELECT p_date,province,case_total         FROM tb_province_total
### Cause: java.sql.SQLSyntaxErrorException: Table 'covid19.tb_province_total' doesn't exist
; bad SQL grammar []; nested exception is java.sql.SQLSyntaxErrorException: Table 'covid19.tb_province_total' doesn't exist
	at com.sgg.covid19.dao.ProvinceTotalDaoTest.testQueryProvince(ProvinceTotalDaoTest.java:18)
Caused by: java.sql.SQLSyntaxErrorException: Table 'covid19.tb_province_total' doesn't exist
	at com.sgg.covid19.dao.ProvinceTotalDaoTest.testQueryProvince(ProvinceTotalDaoTest.java:18)

