-------------------------------------------------------------------------------
Test set: com.sgg.covid19.dao.HospitalDaoDaoTest
-------------------------------------------------------------------------------
Tests run: 1, Failures: 0, Errors: 1, Skipped: 0, Time elapsed: 0.084 s <<< FAILURE! - in com.sgg.covid19.dao.HospitalDaoDaoTest
testQueryFeverClinic(com.sgg.covid19.dao.HospitalDaoDaoTest)  Time elapsed: 0.061 s  <<< ERROR!
org.springframework.jdbc.BadSqlGrammarException: 

### Error querying database.  Cause: java.sql.SQLSyntaxErrorException: Table 'covid19.tb_hospital' doesn't exist
### The error may exist in file [D:\covid19\target\classes\mapper\HospitalDao.xml]
### The error may involve defaultParameterMap
### The error occurred while setting parameters
### SQL: SELECT hospital_id,hospital_name,longitude,latitude,fever_clinic,designated_medical_institution,         designated_detection_institution         FROM tb_hospital
### Cause: java.sql.SQLSyntaxErrorException: Table 'covid19.tb_hospital' doesn't exist
; bad SQL grammar []; nested exception is java.sql.SQLSyntaxErrorException: Table 'covid19.tb_hospital' doesn't exist
	at com.sgg.covid19.dao.HospitalDaoDaoTest.testQueryFeverClinic(HospitalDaoDaoTest.java:18)
Caused by: java.sql.SQLSyntaxErrorException: Table 'covid19.tb_hospital' doesn't exist
	at com.sgg.covid19.dao.HospitalDaoDaoTest.testQueryFeverClinic(HospitalDaoDaoTest.java:18)

