-------------------------------------------------------------------------------
Test set: com.sgg.covid19.service.ChinaServiceTest
-------------------------------------------------------------------------------
Tests run: 1, Failures: 1, Errors: 0, Skipped: 0, Time elapsed: 0.052 s <<< FAILURE! - in com.sgg.covid19.service.ChinaServiceTest
testGetChinaList(com.sgg.covid19.service.ChinaServiceTest)  Time elapsed: 0.027 s  <<< FAILURE!
org.junit.ComparisonFailure: expected:<[77]> but was:<[2.06]>
	at com.sgg.covid19.service.ChinaServiceTest.testGetChinaList(ChinaServiceTest.java:19)

