<?xml version="1.0" encoding="UTF-8"?>
<testsuite xmlns:xsi="http://www.w3.org/2001/XMLSchema-instance" xsi:noNamespaceSchemaLocation="https://maven.apache.org/surefire/maven-surefire-plugin/xsd/surefire-test-report.xsd" name="com.sgg.covid19.dao.ChinaDaoTest" time="0.119" tests="1" errors="0" skipped="0" failures="1">
  <properties>
[...]
</properties>
  <testcase name="testQueryChina" classname="com.sgg.covid19.dao.ChinaDaoTest" time="0.089">
    <failure message="expected:&lt;[1]&gt; but was:&lt;[2.06]&gt;" type="org.junit.ComparisonFailure"><![CDATA[org.junit.ComparisonFailure: expected:<[1]> but was:<[2.06]>
	at com.sgg.covid19.dao.ChinaDaoTest.testQueryChina(ChinaDaoTest.java:19)
]]></failure>
    <system-out><![CDATA[15:27:50.041 [main] DEBUG org.springframework.test.context.junit4.SpringJUnit4ClassRunner - SpringJUnit4ClassRunner constructor called with [class com.sgg.covid19.dao.ChinaDaoTest]
15:27:50.042 [main] DEBUG org.springframework.test.context.BootstrapUtils - Instantiating CacheAwareContextLoaderDelegate from class [org.springframework.test.context.cache.DefaultCacheAwareContextLoaderDelegate]
15:27:50.042 [main] DEBUG org.springframework.test.context.BootstrapUtils - Instantiating BootstrapContext using constructor [public org.springframework.test.context.support.DefaultBootstrapContext(java.lang.Class,org.springframework.test.context.CacheAwareContextLoaderDelegate)]
15:27:50.042 [main] DEBUG org.springframework.test.context.BootstrapUtils - Instantiating TestContextBootstrapper for test class [com.sgg.covid19.dao.ChinaDaoTest] from class [org.springframework.test.context.support.DefaultTestContextBootstrapper]
15:27:50.046 [main] DEBUG org.springframework.test.context.support.AbstractDelegatingSmartContextLoader - Delegating to GenericXmlContextLoader to process context configuration [ContextConfigurationAttributes@3f270e0a declaringClass = 'com.sgg.covid19.BaseTest', classes = '{}', locations = '{classpath:spring/spring-dao.xml, classpath:spring/spring-service.xml}', inheritLocations = true, initializers = '{}', inheritInitializers = true, name = [null], contextLoaderClass = 'org.springframework.test.context.ContextLoader'].
15:27:50.047 [main] DEBUG org.springframework.test.context.support.ActiveProfilesUtils - Could not find an 'annotation declaring class' for annotation type [org.springframework.test.context.ActiveProfiles] and class [com.sgg.covid19.dao.ChinaDaoTest]
15:27:50.047 [main] DEBUG org.springframework.test.context.support.DefaultTestContextBootstrapper - @TestExecutionListeners is not present for class [com.sgg.covid19.dao.ChinaDaoTest]: using defaults.
15:27:50.048 [main] INFO org.springframework.test.context.support.DefaultTestContextBootstrapper - Loaded default TestExecutionListener class names from location [META-INF/spring.factories]: [org.springframework.test.context.web.ServletTestExecutionListener, org.springframework.test.context.support.DirtiesContextBeforeModesTestExecutionListener, org.springframework.test.context.support.DependencyInjectionTestExecutionListener, org.springframework.test.context.support.DirtiesContextTestExecutionListener, org.springframework.test.context.transaction.TransactionalTestExecutionListener, org.springframework.test.context.jdbc.SqlScriptsTestExecutionListener]
15:27:50.048 [main] INFO org.springframework.test.context.support.DefaultTestContextBootstrapper - Using TestExecutionListeners: [org.springframework.test.context.web.ServletTestExecutionListener@1a760689, org.springframework.test.context.support.DirtiesContextBeforeModesTestExecutionListener@7241a47d, org.springframework.test.context.support.DependencyInjectionTestExecutionListener@70f59913, org.springframework.test.context.support.DirtiesContextTestExecutionListener@77258e59, org.springframework.test.context.transaction.TransactionalTestExecutionListener@5dcd8c7a, org.springframework.test.context.jdbc.SqlScriptsTestExecutionListener@2250b9f2]
15:27:50.049 [main] DEBUG org.springframework.test.annotation.ProfileValueUtils - Retrieved @ProfileValueSourceConfiguration [null] for test class [com.sgg.covid19.dao.ChinaDaoTest]
15:27:50.049 [main] DEBUG org.springframework.test.annotation.ProfileValueUtils - Retrieved ProfileValueSource type [class org.springframework.test.annotation.SystemProfileValueSource] for class [com.sgg.covid19.dao.ChinaDaoTest]
15:27:50.049 [main] DEBUG org.springframework.test.annotation.ProfileValueUtils - Retrieved @ProfileValueSourceConfiguration [null] for test class [com.sgg.covid19.dao.ChinaDaoTest]
15:27:50.050 [main] DEBUG org.springframework.test.annotation.ProfileValueUtils - Retrieved ProfileValueSource type [class org.springframework.test.annotation.SystemProfileValueSource] for class [com.sgg.covid19.dao.ChinaDaoTest]
15:27:50.050 [main] DEBUG org.springframework.test.annotation.ProfileValueUtils - Retrieved @ProfileValueSourceConfiguration [null] for test class [com.sgg.covid19.dao.ChinaDaoTest]
15:27:50.050 [main] DEBUG org.springframework.test.annotation.ProfileValueUtils - Retrieved ProfileValueSource type [class org.springframework.test.annotation.SystemProfileValueSource] for class [com.sgg.covid19.dao.ChinaDaoTest]
15:27:50.050 [main] DEBUG org.springframework.test.context.support.AbstractDirtiesContextTestExecutionListener - Before test class: context [DefaultTestContext@7e3181aa testClass = ChinaDaoTest, testInstance = [null], testMethod = [null], testException = [null], mergedContextConfiguration = [MergedContextConfiguration@253d9f73 testClass = ChinaDaoTest, locations = '{classpath:spring/spring-dao.xml, classpath:spring/spring-service.xml}', classes = '{}', contextInitializerClasses = '[]', activeProfiles = '{}', propertySourceLocations = '{}', propertySourceProperties = '{}', contextCustomizers = set[[empty]], contextLoader = 'org.springframework.test.context.support.DelegatingSmartContextLoader', parent = [null]], attributes = map[[empty]]], class annotated with @DirtiesContext [false] with mode [null].
15:27:50.050 [main] DEBUG org.springframework.test.annotation.ProfileValueUtils - Retrieved @ProfileValueSourceConfiguration [null] for test class [com.sgg.covid19.dao.ChinaDaoTest]
15:27:50.051 [main] DEBUG org.springframework.test.annotation.ProfileValueUtils - Retrieved ProfileValueSource type [class org.springframework.test.annotation.SystemProfileValueSource] for class [com.sgg.covid19.dao.ChinaDaoTest]
15:27:50.051 [main] DEBUG org.springframework.test.context.support.DependencyInjectionTestExecutionListener - Performing dependency injection for test context [[DefaultTestContext@7e3181aa testClass = ChinaDaoTest, testInstance = com.sgg.covid19.dao.ChinaDaoTest@142269f2, testMethod = [null], testException = [null], mergedContextConfiguration = [MergedContextConfiguration@253d9f73 testClass = ChinaDaoTest, locations = '{classpath:spring/spring-dao.xml, classpath:spring/spring-service.xml}', classes = '{}', contextInitializerClasses = '[]', activeProfiles = '{}', propertySourceLocations = '{}', propertySourceProperties = '{}', contextCustomizers = set[[empty]], contextLoader = 'org.springframework.test.context.support.DelegatingSmartContextLoader', parent = [null]], attributes = map[[empty]]]].
15:27:50.052 [main] DEBUG org.springframework.test.context.cache.DefaultCacheAwareContextLoaderDelegate - Retrieved ApplicationContext from cache with key [[MergedContextConfiguration@253d9f73 testClass = ChinaDaoTest, locations = '{classpath:spring/spring-dao.xml, classpath:spring/spring-service.xml}', classes = '{}', contextInitializerClasses = '[]', activeProfiles = '{}', propertySourceLocations = '{}', propertySourceProperties = '{}', contextCustomizers = set[[empty]], contextLoader = 'org.springframework.test.context.support.DelegatingSmartContextLoader', parent = [null]]]
15:27:50.052 [main] DEBUG org.springframework.test.context.cache - Spring test ApplicationContext cache statistics: [DefaultContextCache@1efe439d size = 1, maxSize = 32, parentContextCount = 0, hitCount = 1, missCount = 1]
15:27:50.055 [main] DEBUG org.springframework.test.context.support.AbstractDirtiesContextTestExecutionListener - Before test method: context [DefaultTestContext@7e3181aa testClass = ChinaDaoTest, testInstance = com.sgg.covid19.dao.ChinaDaoTest@142269f2, testMethod = testQueryChina@ChinaDaoTest, testException = [null], mergedContextConfiguration = [MergedContextConfiguration@253d9f73 testClass = ChinaDaoTest, locations = '{classpath:spring/spring-dao.xml, classpath:spring/spring-service.xml}', classes = '{}', contextInitializerClasses = '[]', activeProfiles = '{}', propertySourceLocations = '{}', propertySourceProperties = '{}', contextCustomizers = set[[empty]], contextLoader = 'org.springframework.test.context.support.DelegatingSmartContextLoader', parent = [null]], attributes = map[[empty]]], class annotated with @DirtiesContext [false] with mode [null], method annotated with @DirtiesContext [false] with mode [null].
15:27:50.057 [main] DEBUG org.mybatis.spring.SqlSessionUtils - Creating a new SqlSession
15:27:50.058 [main] DEBUG org.mybatis.spring.SqlSessionUtils - SqlSession [org.apache.ibatis.session.defaults.DefaultSqlSession@41d426b5] was not registered for synchronization because synchronization is not active
15:27:50.059 [main] DEBUG org.springframework.jdbc.datasource.DataSourceUtils - Fetching JDBC Connection from DataSource
15:27:50.060 [main] DEBUG org.mybatis.spring.transaction.SpringManagedTransaction - JDBC Connection [com.mchange.v2.c3p0.impl.NewProxyConnection@f316aeb [wrapping: com.mysql.cj.jdbc.ConnectionImpl@6aa3a905]] will not be managed by Spring
15:27:50.061 [main] DEBUG com.sgg.covid19.dao.ChinaDao.queryChina - ==>  Preparing: SELECT c_date,new_case,total_case,now_case,severe_change, now_severe,new_death,total_death,death_rate, new_cure,total_cure,cure_rate,new_suspect,now_suspect FROM tb_china 
15:27:50.061 [main] DEBUG com.sgg.covid19.dao.ChinaDao.queryChina - ==> Parameters: 
15:27:50.181 [main] DEBUG com.sgg.covid19.dao.ChinaDao.queryChina - <==      Total: 67
15:27:50.182 [main] DEBUG org.mybatis.spring.SqlSessionUtils - Closing non transactional SqlSession [org.apache.ibatis.session.defaults.DefaultSqlSession@41d426b5]
15:27:50.184 [main] DEBUG org.springframework.test.context.support.AbstractDirtiesContextTestExecutionListener - After test method: context [DefaultTestContext@7e3181aa testClass = ChinaDaoTest, testInstance = com.sgg.covid19.dao.ChinaDaoTest@142269f2, testMethod = testQueryChina@ChinaDaoTest, testException = org.junit.ComparisonFailure: expected:<[1]> but was:<[2.06]>, mergedContextConfiguration = [MergedContextConfiguration@253d9f73 testClass = ChinaDaoTest, locations = '{classpath:spring/spring-dao.xml, classpath:spring/spring-service.xml}', classes = '{}', contextInitializerClasses = '[]', activeProfiles = '{}', propertySourceLocations = '{}', propertySourceProperties = '{}', contextCustomizers = set[[empty]], contextLoader = 'org.springframework.test.context.support.DelegatingSmartContextLoader', parent = [null]], attributes = map[[empty]]], class annotated with @DirtiesContext [false] with mode [null], method annotated with @DirtiesContext [false] with mode [null].
]]></system-out>
  </testcase>
</testsuite>